<?xml version="1.0" encoding="UTF-8"?>
<!-- Generated by org.testng.reporters.JUnitReportReporter -->
<testsuite hostname="DESKTOP-TRL4B08" failures="0" tests="2" name="execution.com.RunRegressionSuite" time="0.014" errors="0" timestamp="2023-06-26T23:20:45 BDT" skipped="0">
  <testcase classname="execution.com.RunRegressionSuite" name="executeTestCase2" time="0.003"/>
  <system-out/>
  <testcase classname="execution.com.RunRegressionSuite" name="executeTestCase1" time="0.011"/>
  <system-out/>
</testsuite> <!-- execution.com.RunRegressionSuite -->
