<?xml version="1.0" encoding="UTF-8"?>
<!-- Generated by org.testng.reporters.JUnitReportReporter -->
<testsuite hostname="DESKTOP-TRL4B08" failures="0" tests="2" name="execution.com.RunRegressionSuite" time="0.007" errors="0" timestamp="2023-06-27T00:00:33 BDT" skipped="0">
  <testcase classname="execution.com.RunRegressionSuite" name="executeTestCase1" time="0.006"/>
  <system-out/>
  <testcase classname="execution.com.RunRegressionSuite" name="executeTestCase2" time="0.001"/>
  <system-out/>
</testsuite> <!-- execution.com.RunRegressionSuite -->
